# JRE version: Java(TM) SE Runtime Environment (19.0+36) (build 19+36-2238)
# Java VM: Java HotSpot(TM) 64-Bit Server VM (19+36-2238, mixed mode, sharing, tiered, compressed oops, compressed class ptrs, g1 gc, windows-amd64)
GC Precious Log:
 CardTable entry size: 512
 Card Set container configuration: InlinePtr #cards 4 size 8 Array Of Cards #cards 8 size 32 Howl #buckets 8 coarsen threshold 3686 Howl Bitmap #cards 512 size 80 coarsen threshold 460 Card regions per heap region 1 cards per card region 4096
 CPUs: 4 total, 4 available
 Memory: 16332M
 Large Page Support: Disabled
 NUMA Support: Disabled
 Compressed Oops: Enabled (Zero based)
 Heap Region Size: 2M
 Heap Min Capacity: 8M
 Heap Initial Capacity: 256M
 Heap Max Capacity: 4084M
 Pre-touch: Disabled
 Parallel Workers: 4
 Concurrent Workers: 1
 Concurrent Refinement Workers: 4
 Periodic GC: Disabled
Heap:
 garbage-first heap   total 372736K, used 216179K [0x0000000700c00000, 0x0000000800000000)
  region size 2048K, 5 young (10240K), 5 survivors (10240K)
 Metaspace       used 32861K, committed 33088K, reserved 1114112K
  class space    used 3458K, committed 3584K, reserved 1048576K
GC Heap History (20 events):
Event: 130.768 GC heap after
{Heap after GC invocations=12 (full 0):
 garbage-first heap   total 161792K, used 63828K [0x0000000700c00000, 0x0000000800000000)
  region size 2048K, 5 young (10240K), 5 survivors (10240K)
 Metaspace       used 32462K, committed 32768K, reserved 1114112K
  class space    used 3429K, committed 3584K, reserved 1048576K
}
Event: 130.951 GC heap before
{Heap before GC invocations=12 (full 0):
 garbage-first heap   total 161792K, used 119124K [0x0000000700c00000, 0x0000000800000000)
  region size 2048K, 32 young (65536K), 5 survivors (10240K)
 Metaspace       used 32492K, committed 32832K, reserved 1114112K
  class space    used 3429K, committed 3584K, reserved 1048576K
}
Event: 130.963 GC heap after
{Heap after GC invocations=13 (full 0):
 garbage-first heap   total 161792K, used 73725K [0x0000000700c00000, 0x0000000800000000)
  region size 2048K, 4 young (8192K), 4 survivors (8192K)
 Metaspace       used 32492K, committed 32832K, reserved 1114112K
  class space    used 3429K, committed 3584K, reserved 1048576K
}
Event: 131.016 GC heap before
{Heap before GC invocations=13 (full 0):
 garbage-first heap   total 161792K, used 122877K [0x0000000700c00000, 0x0000000800000000)
  region size 2048K, 28 young (57344K), 4 survivors (8192K)
 Metaspace       used 32500K, committed 32832K, reserved 1114112K
  class space    used 3429K, committed 3584K, reserved 1048576K
}
Event: 131.035 GC heap after
{Heap after GC invocations=14 (full 0):
 garbage-first heap   total 161792K, used 92160K [0x0000000700c00000, 0x0000000800000000)
  region size 2048K, 4 young (8192K), 4 survivors (8192K)
 Metaspace       used 32500K, committed 32832K, reserved 1114112K
  class space    used 3429K, committed 3584K, reserved 1048576K
}
Event: 131.079 GC heap before
{Heap before GC invocations=14 (full 0):
 garbage-first heap   total 161792K, used 122880K [0x0000000700c00000, 0x0000000800000000)
  region size 2048K, 19 young (38912K), 4 survivors (8192K)
 Metaspace       used 32508K, committed 32832K, reserved 1114112K
  class space    used 3429K, committed 3584K, reserved 1048576K
}
Event: 131.093 GC heap after
{Heap after GC invocations=15 (full 0):
 garbage-first heap   total 323584K, used 104448K [0x0000000700c00000, 0x0000000800000000)
  region size 2048K, 3 young (6144K), 3 survivors (6144K)
 Metaspace       used 32508K, committed 32832K, reserved 1114112K
  class space    used 3429K, committed 3584K, reserved 1048576K
}
Event: 131.302 GC heap before
{Heap before GC invocations=16 (full 0):
 garbage-first heap   total 323584K, used 202752K [0x0000000700c00000, 0x0000000800000000)
  region size 2048K, 52 young (106496K), 3 survivors (6144K)
 Metaspace       used 32513K, committed 32832K, reserved 1114112K
  class space    used 3429K, committed 3584K, reserved 1048576K
}
Event: 131.332 GC heap after
{Heap after GC invocations=17 (full 0):
 garbage-first heap   total 323584K, used 146095K [0x0000000700c00000, 0x0000000800000000)
  region size 2048K, 7 young (14336K), 7 survivors (14336K)
 Metaspace       used 32513K, committed 32832K, reserved 1114112K
  class space    used 3429K, committed 3584K, reserved 1048576K
}
Event: 131.334 GC heap before
{Heap before GC invocations=17 (full 0):
 garbage-first heap   total 323584K, used 148143K [0x0000000700c00000, 0x0000000800000000)
  region size 2048K, 8 young (16384K), 7 survivors (14336K)
 Metaspace       used 32513K, committed 32832K, reserved 1114112K
  class space    used 3429K, committed 3584K, reserved 1048576K
}
Event: 131.344 GC heap after
{Heap after GC invocations=18 (full 0):
 garbage-first heap   total 323584K, used 148951K [0x0000000700c00000, 0x0000000800000000)
  region size 2048K, 1 young (2048K), 1 survivors (2048K)
 Metaspace       used 32513K, committed 32832K, reserved 1114112K
  class space    used 3429K, committed 3584K, reserved 1048576K
}
Event: 131.477 GC heap before
{Heap before GC invocations=18 (full 0):
 garbage-first heap   total 323584K, used 220631K [0x0000000700c00000, 0x0000000800000000)
  region size 2048K, 37 young (75776K), 1 survivors (2048K)
 Metaspace       used 32750K, committed 33024K, reserved 1114112K
  class space    used 3454K, committed 3584K, reserved 1048576K
}
Event: 131.495 GC heap after
{Heap after GC invocations=19 (full 0):
 garbage-first heap   total 323584K, used 176128K [0x0000000700c00000, 0x0000000800000000)
  region size 2048K, 5 young (10240K), 5 survivors (10240K)
 Metaspace       used 32750K, committed 33024K, reserved 1114112K
  class space    used 3454K, committed 3584K, reserved 1048576K
}
Event: 131.774 GC heap before
{Heap before GC invocations=19 (full 0):
 garbage-first heap   total 372736K, used 235520K [0x0000000700c00000, 0x0000000800000000)
  region size 2048K, 34 young (69632K), 5 survivors (10240K)
 Metaspace       used 32828K, committed 33088K, reserved 1114112K
  class space    used 3458K, committed 3584K, reserved 1048576K
}
Event: 131.785 GC heap after
{Heap after GC invocations=20 (full 0):
 garbage-first heap   total 372736K, used 191287K [0x0000000700c00000, 0x0000000800000000)
  region size 2048K, 5 young (10240K), 5 survivors (10240K)
 Metaspace       used 32828K, committed 33088K, reserved 1114112K
  class space    used 3458K, committed 3584K, reserved 1048576K
}
Event: 132.013 GC heap before
{Heap before GC invocations=21 (full 0):
 garbage-first heap   total 372736K, used 262967K [0x0000000700c00000, 0x0000000800000000)
  region size 2048K, 41 young (83968K), 5 survivors (10240K)
 Metaspace       used 32844K, committed 33088K, reserved 1114112K
  class space    used 3458K, committed 3584K, reserved 1048576K
}
Event: 132.023 GC heap after
{Heap after GC invocations=22 (full 0):
 garbage-first heap   total 372736K, used 205661K [0x0000000700c00000, 0x0000000800000000)
  region size 2048K, 6 young (12288K), 6 survivors (12288K)
 Metaspace       used 32844K, committed 33088K, reserved 1114112K
  class space    used 3458K, committed 3584K, reserved 1048576K
}
Event: 132.039 GC heap before
{Heap before GC invocations=22 (full 0):
 garbage-first heap   total 372736K, used 211805K [0x0000000700c00000, 0x0000000800000000)
  region size 2048K, 9 young (18432K), 6 survivors (12288K)
 Metaspace       used 32844K, committed 33088K, reserved 1114112K
  class space    used 3458K, committed 3584K, reserved 1048576K
}
Event: 132.049 GC heap after
{Heap after GC invocations=23 (full 0):
 garbage-first heap   total 372736K, used 205876K [0x0000000700c00000, 0x0000000800000000)
  region size 2048K, 2 young (4096K), 2 survivors (4096K)
 Metaspace       used 32844K, committed 33088K, reserved 1114112K
  class space    used 3458K, committed 3584K, reserved 1048576K
}
Event: 132.165 GC heap before
{Heap before GC invocations=23 (full 0):
 garbage-first heap   total 372736K, used 273460K [0x0000000700c00000, 0x0000000800000000)
  region size 2048K, 35 young (71680K), 2 survivors (4096K)
 Metaspace       used 32861K, committed 33088K, reserved 1114112K
  class space    used 3458K, committed 3584K, reserved 1048576K
}

