# JRE version: Java(TM) SE Runtime Environment (19.0+36) (build 19+36-2238)
# Java VM: Java HotSpot(TM) 64-Bit Server VM (19+36-2238, mixed mode, sharing, tiered, compressed oops, compressed class ptrs, g1 gc, windows-amd64)
GC Precious Log:
 CardTable entry size: 512
 Card Set container configuration: InlinePtr #cards 4 size 8 Array Of Cards #cards 8 size 32 Howl #buckets 8 coarsen threshold 3686 Howl Bitmap #cards 512 size 80 coarsen threshold 460 Card regions per heap region 1 cards per card region 4096
 CPUs: 4 total, 4 available
 Memory: 16332M
 Large Page Support: Disabled
 NUMA Support: Disabled
 Compressed Oops: Enabled (Zero based)
 Heap Region Size: 2M
 Heap Min Capacity: 8M
 Heap Initial Capacity: 256M
 Heap Max Capacity: 4084M
 Pre-touch: Disabled
 Parallel Workers: 4
 Concurrent Workers: 1
 Concurrent Refinement Workers: 4
 Periodic GC: Disabled
Heap:
 garbage-first heap   total 288768K, used 178097K [0x0000000700c00000, 0x0000000800000000)
  region size 2048K, 4 young (8192K), 4 survivors (8192K)
 Metaspace       used 30542K, committed 30848K, reserved 1114112K
  class space    used 3293K, committed 3456K, reserved 1048576K
GC Heap History (20 events):
Event: 83.501 GC heap after
{Heap after GC invocations=12 (full 0):
 garbage-first heap   total 143360K, used 45573K [0x0000000700c00000, 0x0000000800000000)
  region size 2048K, 1 young (2048K), 1 survivors (2048K)
 Metaspace       used 29848K, committed 30144K, reserved 1114112K
  class space    used 3255K, committed 3392K, reserved 1048576K
}
Event: 83.695 GC heap before
{Heap before GC invocations=12 (full 0):
 garbage-first heap   total 143360K, used 90629K [0x0000000700c00000, 0x0000000800000000)
  region size 2048K, 23 young (47104K), 1 survivors (2048K)
 Metaspace       used 30042K, committed 30336K, reserved 1114112K
  class space    used 3264K, committed 3392K, reserved 1048576K
}
Event: 83.705 GC heap after
{Heap after GC invocations=13 (full 0):
 garbage-first heap   total 143360K, used 57046K [0x0000000700c00000, 0x0000000800000000)
  region size 2048K, 3 young (6144K), 3 survivors (6144K)
 Metaspace       used 30042K, committed 30336K, reserved 1114112K
  class space    used 3264K, committed 3392K, reserved 1048576K
}
Event: 83.849 GC heap before
{Heap before GC invocations=13 (full 0):
 garbage-first heap   total 143360K, used 93910K [0x0000000700c00000, 0x0000000800000000)
  region size 2048K, 21 young (43008K), 3 survivors (6144K)
 Metaspace       used 30103K, committed 30336K, reserved 1114112K
  class space    used 3264K, committed 3392K, reserved 1048576K
}
Event: 83.854 GC heap after
{Heap after GC invocations=14 (full 0):
 garbage-first heap   total 143360K, used 58884K [0x0000000700c00000, 0x0000000800000000)
  region size 2048K, 1 young (2048K), 1 survivors (2048K)
 Metaspace       used 30103K, committed 30336K, reserved 1114112K
  class space    used 3264K, committed 3392K, reserved 1048576K
}
Event: 83.979 GC heap before
{Heap before GC invocations=14 (full 0):
 garbage-first heap   total 143360K, used 97796K [0x0000000700c00000, 0x0000000800000000)
  region size 2048K, 20 young (40960K), 1 survivors (2048K)
 Metaspace       used 30122K, committed 30336K, reserved 1114112K
  class space    used 3264K, committed 3392K, reserved 1048576K
}
Event: 83.980 GC heap after
{Heap after GC invocations=15 (full 0):
 garbage-first heap   total 143360K, used 59061K [0x0000000700c00000, 0x0000000800000000)
  region size 2048K, 1 young (2048K), 1 survivors (2048K)
 Metaspace       used 30122K, committed 30336K, reserved 1114112K
  class space    used 3264K, committed 3392K, reserved 1048576K
}
Event: 84.057 GC heap before
{Heap before GC invocations=15 (full 0):
 garbage-first heap   total 143360K, used 100021K [0x0000000700c00000, 0x0000000800000000)
  region size 2048K, 22 young (45056K), 1 survivors (2048K)
 Metaspace       used 30134K, committed 30400K, reserved 1114112K
  class space    used 3264K, committed 3392K, reserved 1048576K
}
Event: 84.069 GC heap after
{Heap after GC invocations=16 (full 0):
 garbage-first heap   total 143360K, used 70273K [0x0000000700c00000, 0x0000000800000000)
  region size 2048K, 3 young (6144K), 3 survivors (6144K)
 Metaspace       used 30134K, committed 30400K, reserved 1114112K
  class space    used 3264K, committed 3392K, reserved 1048576K
}
Event: 84.165 GC heap before
{Heap before GC invocations=16 (full 0):
 garbage-first heap   total 143360K, used 103041K [0x0000000700c00000, 0x0000000800000000)
  region size 2048K, 20 young (40960K), 3 survivors (6144K)
 Metaspace       used 30152K, committed 30464K, reserved 1114112K
  class space    used 3264K, committed 3392K, reserved 1048576K
}
Event: 84.170 GC heap after
{Heap after GC invocations=17 (full 0):
 garbage-first heap   total 288768K, used 73374K [0x0000000700c00000, 0x0000000800000000)
  region size 2048K, 2 young (4096K), 2 survivors (4096K)
 Metaspace       used 30152K, committed 30464K, reserved 1114112K
  class space    used 3264K, committed 3392K, reserved 1048576K
}
Event: 84.442 GC heap before
{Heap before GC invocations=18 (full 0):
 garbage-first heap   total 288768K, used 198302K [0x0000000700c00000, 0x0000000800000000)
  region size 2048K, 64 young (131072K), 2 survivors (4096K)
 Metaspace       used 30173K, committed 30464K, reserved 1114112K
  class space    used 3264K, committed 3392K, reserved 1048576K
}
Event: 84.471 GC heap after
{Heap after GC invocations=19 (full 0):
 garbage-first heap   total 288768K, used 113437K [0x0000000700c00000, 0x0000000800000000)
  region size 2048K, 8 young (16384K), 8 survivors (16384K)
 Metaspace       used 30173K, committed 30464K, reserved 1114112K
  class space    used 3264K, committed 3392K, reserved 1048576K
}
Event: 84.472 GC heap before
{Heap before GC invocations=19 (full 0):
 garbage-first heap   total 288768K, used 115485K [0x0000000700c00000, 0x0000000800000000)
  region size 2048K, 9 young (18432K), 8 survivors (16384K)
 Metaspace       used 30174K, committed 30464K, reserved 1114112K
  class space    used 3264K, committed 3392K, reserved 1048576K
}
Event: 84.481 GC heap after
{Heap after GC invocations=20 (full 0):
 garbage-first heap   total 288768K, used 114983K [0x0000000700c00000, 0x0000000800000000)
  region size 2048K, 1 young (2048K), 1 survivors (2048K)
 Metaspace       used 30174K, committed 30464K, reserved 1114112K
  class space    used 3264K, committed 3392K, reserved 1048576K
}
Event: 84.557 GC heap before
{Heap before GC invocations=20 (full 0):
 garbage-first heap   total 288768K, used 180519K [0x0000000700c00000, 0x0000000800000000)
  region size 2048K, 34 young (69632K), 1 survivors (2048K)
 Metaspace       used 30183K, committed 30464K, reserved 1114112K
  class space    used 3264K, committed 3392K, reserved 1048576K
}
Event: 84.571 GC heap after
{Heap after GC invocations=21 (full 0):
 garbage-first heap   total 288768K, used 142946K [0x0000000700c00000, 0x0000000800000000)
  region size 2048K, 5 young (10240K), 5 survivors (10240K)
 Metaspace       used 30183K, committed 30464K, reserved 1114112K
  class space    used 3264K, committed 3392K, reserved 1048576K
}
Event: 84.707 GC heap before
{Heap before GC invocations=21 (full 0):
 garbage-first heap   total 288768K, used 196194K [0x0000000700c00000, 0x0000000800000000)
  region size 2048K, 32 young (65536K), 5 survivors (10240K)
 Metaspace       used 30473K, committed 30784K, reserved 1114112K
  class space    used 3292K, committed 3456K, reserved 1048576K
}
Event: 84.721 GC heap after
{Heap after GC invocations=22 (full 0):
 garbage-first heap   total 288768K, used 160605K [0x0000000700c00000, 0x0000000800000000)
  region size 2048K, 4 young (8192K), 4 survivors (8192K)
 Metaspace       used 30473K, committed 30784K, reserved 1114112K
  class space    used 3292K, committed 3456K, reserved 1048576K
}
Event: 84.899 GC heap before
{Heap before GC invocations=22 (full 0):
 garbage-first heap   total 288768K, used 209757K [0x0000000700c00000, 0x0000000800000000)
  region size 2048K, 28 young (57344K), 4 survivors (8192K)
 Metaspace       used 30542K, committed 30848K, reserved 1114112K
  class space    used 3293K, committed 3456K, reserved 1048576K
}

