# JRE version: Java(TM) SE Runtime Environment (17.0.4.1+1) (build 17.0.4.1+1-LTS-2)
# Java VM: Java HotSpot(TM) 64-Bit Server VM (17.0.4.1+1-LTS-2, mixed mode, sharing, tiered, compressed oops, compressed class ptrs, g1 gc, windows-amd64)
GC Precious Log:
 CPUs: 4 total, 4 available
 Memory: 16332M
 Large Page Support: Disabled
 NUMA Support: Disabled
 Compressed Oops: Enabled (Zero based)
 Heap Region Size: 2M
 Heap Min Capacity: 8M
 Heap Initial Capacity: 256M
 Heap Max Capacity: 4084M
 Pre-touch: Disabled
 Parallel Workers: 4
 Concurrent Workers: 1
 Concurrent Refinement Workers: 4
 Periodic GC: Disabled
Heap:
 garbage-first heap   total 151552K, used 111174K [0x0000000700c00000, 0x0000000800000000)
  region size 2048K, 29 young (59392K), 3 survivors (6144K)
 Metaspace       used 30869K, committed 31232K, reserved 1081344K
  class space    used 3325K, committed 3456K, reserved 1048576K
GC Heap History (20 events):
Event: 8.356 GC heap before
{Heap before GC invocations=8 (full 0):
 garbage-first heap   total 151552K, used 96962K [0x0000000700c00000, 0x0000000800000000)
  region size 2048K, 33 young (67584K), 2 survivors (4096K)
 Metaspace       used 25329K, committed 25600K, reserved 1073152K
  class space    used 2768K, committed 2880K, reserved 1048576K
}
Event: 8.370 GC heap after
{Heap after GC invocations=9 (full 0):
 garbage-first heap   total 151552K, used 42738K [0x0000000700c00000, 0x0000000800000000)
  region size 2048K, 5 young (10240K), 5 survivors (10240K)
 Metaspace       used 25329K, committed 25600K, reserved 1073152K
  class space    used 2768K, committed 2880K, reserved 1048576K
}
Event: 10.406 GC heap before
{Heap before GC invocations=9 (full 0):
 garbage-first heap   total 151552K, used 102130K [0x0000000700c00000, 0x0000000800000000)
  region size 2048K, 34 young (69632K), 5 survivors (10240K)
 Metaspace       used 26196K, committed 26432K, reserved 1073152K
  class space    used 2840K, committed 2944K, reserved 1048576K
}
Event: 10.419 GC heap after
{Heap after GC invocations=10 (full 0):
 garbage-first heap   total 151552K, used 44749K [0x0000000700c00000, 0x0000000800000000)
  region size 2048K, 1 young (2048K), 1 survivors (2048K)
 Metaspace       used 26196K, committed 26432K, reserved 1073152K
  class space    used 2840K, committed 2944K, reserved 1048576K
}
Event: 12.282 GC heap before
{Heap before GC invocations=10 (full 0):
 garbage-first heap   total 151552K, used 106189K [0x0000000700c00000, 0x0000000800000000)
  region size 2048K, 31 young (63488K), 1 survivors (2048K)
 Metaspace       used 28142K, committed 28480K, reserved 1081344K
  class space    used 3067K, committed 3200K, reserved 1048576K
}
Event: 12.288 GC heap after
{Heap after GC invocations=11 (full 0):
 garbage-first heap   total 151552K, used 46880K [0x0000000700c00000, 0x0000000800000000)
  region size 2048K, 2 young (4096K), 2 survivors (4096K)
 Metaspace       used 28142K, committed 28480K, reserved 1081344K
  class space    used 3067K, committed 3200K, reserved 1048576K
}
Event: 13.388 GC heap before
{Heap before GC invocations=11 (full 0):
 garbage-first heap   total 151552K, used 110368K [0x0000000700c00000, 0x0000000800000000)
  region size 2048K, 33 young (67584K), 2 survivors (4096K)
 Metaspace       used 30770K, committed 31104K, reserved 1081344K
  class space    used 3325K, committed 3456K, reserved 1048576K
}
Event: 13.396 GC heap after
{Heap after GC invocations=12 (full 0):
 garbage-first heap   total 151552K, used 48988K [0x0000000700c00000, 0x0000000800000000)
  region size 2048K, 3 young (6144K), 3 survivors (6144K)
 Metaspace       used 30770K, committed 31104K, reserved 1081344K
  class space    used 3325K, committed 3456K, reserved 1048576K
}
Event: 14.368 GC heap before
{Heap before GC invocations=12 (full 0):
 garbage-first heap   total 151552K, used 114524K [0x0000000700c00000, 0x0000000800000000)
  region size 2048K, 35 young (71680K), 3 survivors (6144K)
 Metaspace       used 30862K, committed 31232K, reserved 1081344K
  class space    used 3325K, committed 3456K, reserved 1048576K
}
Event: 14.379 GC heap after
{Heap after GC invocations=13 (full 0):
 garbage-first heap   total 151552K, used 53356K [0x0000000700c00000, 0x0000000800000000)
  region size 2048K, 5 young (10240K), 5 survivors (10240K)
 Metaspace       used 30862K, committed 31232K, reserved 1081344K
  class space    used 3325K, committed 3456K, reserved 1048576K
}
Event: 15.630 GC heap before
{Heap before GC invocations=13 (full 0):
 garbage-first heap   total 151552K, used 114796K [0x0000000700c00000, 0x0000000800000000)
  region size 2048K, 35 young (71680K), 5 survivors (10240K)
 Metaspace       used 30864K, committed 31232K, reserved 1081344K
  class space    used 3325K, committed 3456K, reserved 1048576K
}
Event: 15.637 GC heap after
{Heap after GC invocations=14 (full 0):
 garbage-first heap   total 151552K, used 52424K [0x0000000700c00000, 0x0000000800000000)
  region size 2048K, 2 young (4096K), 2 survivors (4096K)
 Metaspace       used 30864K, committed 31232K, reserved 1081344K
  class space    used 3325K, committed 3456K, reserved 1048576K
}
Event: 16.562 GC heap before
{Heap before GC invocations=14 (full 0):
 garbage-first heap   total 151552K, used 117960K [0x0000000700c00000, 0x0000000800000000)
  region size 2048K, 34 young (69632K), 2 survivors (4096K)
 Metaspace       used 30865K, committed 31232K, reserved 1081344K
  class space    used 3325K, committed 3456K, reserved 1048576K
}
Event: 16.566 GC heap after
{Heap after GC invocations=15 (full 0):
 garbage-first heap   total 151552K, used 54385K [0x0000000700c00000, 0x0000000800000000)
  region size 2048K, 3 young (6144K), 3 survivors (6144K)
 Metaspace       used 30865K, committed 31232K, reserved 1081344K
  class space    used 3325K, committed 3456K, reserved 1048576K
}
Event: 17.502 GC heap before
{Heap before GC invocations=15 (full 0):
 garbage-first heap   total 151552K, used 119921K [0x0000000700c00000, 0x0000000800000000)
  region size 2048K, 35 young (71680K), 3 survivors (6144K)
 Metaspace       used 30865K, committed 31232K, reserved 1081344K
  class space    used 3325K, committed 3456K, reserved 1048576K
}
Event: 17.508 GC heap after
{Heap after GC invocations=16 (full 0):
 garbage-first heap   total 151552K, used 55992K [0x0000000700c00000, 0x0000000800000000)
  region size 2048K, 4 young (8192K), 4 survivors (8192K)
 Metaspace       used 30865K, committed 31232K, reserved 1081344K
  class space    used 3325K, committed 3456K, reserved 1048576K
}
Event: 18.345 GC heap before
{Heap before GC invocations=16 (full 0):
 garbage-first heap   total 151552K, used 121528K [0x0000000700c00000, 0x0000000800000000)
  region size 2048K, 36 young (73728K), 4 survivors (8192K)
 Metaspace       used 30867K, committed 31232K, reserved 1081344K
  class space    used 3325K, committed 3456K, reserved 1048576K
}
Event: 18.352 GC heap after
{Heap after GC invocations=17 (full 0):
 garbage-first heap   total 151552K, used 58344K [0x0000000700c00000, 0x0000000800000000)
  region size 2048K, 4 young (8192K), 4 survivors (8192K)
 Metaspace       used 30867K, committed 31232K, reserved 1081344K
  class space    used 3325K, committed 3456K, reserved 1048576K
}
Event: 19.447 GC heap before
{Heap before GC invocations=17 (full 0):
 garbage-first heap   total 151552K, used 121832K [0x0000000700c00000, 0x0000000800000000)
  region size 2048K, 35 young (71680K), 4 survivors (8192K)
 Metaspace       used 30869K, committed 31232K, reserved 1081344K
  class space    used 3325K, committed 3456K, reserved 1048576K
}
Event: 19.454 GC heap after
{Heap after GC invocations=18 (full 0):
 garbage-first heap   total 151552K, used 59974K [0x0000000700c00000, 0x0000000800000000)
  region size 2048K, 3 young (6144K), 3 survivors (6144K)
 Metaspace       used 30869K, committed 31232K, reserved 1081344K
  class space    used 3325K, committed 3456K, reserved 1048576K
}

