# JRE version: Java(TM) SE Runtime Environment (17.0.4.1+1) (build 17.0.4.1+1-LTS-2)
# Java VM: Java HotSpot(TM) 64-Bit Server VM (17.0.4.1+1-LTS-2, mixed mode, sharing, tiered, compressed oops, compressed class ptrs, g1 gc, windows-amd64)
GC Precious Log:
 CPUs: 4 total, 4 available
 Memory: 16332M
 Large Page Support: Disabled
 NUMA Support: Disabled
 Compressed Oops: Enabled (Zero based)
 Heap Region Size: 2M
 Heap Min Capacity: 8M
 Heap Initial Capacity: 256M
 Heap Max Capacity: 4084M
 Pre-touch: Disabled
 Parallel Workers: 4
 Concurrent Workers: 1
 Concurrent Refinement Workers: 4
 Periodic GC: Disabled
Heap:
 garbage-first heap   total 151552K, used 76772K [0x0000000700c00000, 0x0000000800000000)
  region size 2048K, 18 young (36864K), 2 survivors (4096K)
 Metaspace       used 27837K, committed 28224K, reserved 1081344K
  class space    used 3049K, committed 3200K, reserved 1048576K
GC Heap History (20 events):
Event: 0.725 GC heap before
{Heap before GC invocations=1 (full 0):
 garbage-first heap   total 262144K, used 13342K [0x0000000700c00000, 0x0000000800000000)
  region size 2048K, 6 young (12288K), 1 survivors (2048K)
 Metaspace       used 4744K, committed 4928K, reserved 1056768K
  class space    used 554K, committed 640K, reserved 1048576K
}
Event: 0.728 GC heap after
{Heap after GC invocations=2 (full 0):
 garbage-first heap   total 262144K, used 3848K [0x0000000700c00000, 0x0000000800000000)
  region size 2048K, 1 young (2048K), 1 survivors (2048K)
 Metaspace       used 4744K, committed 4928K, reserved 1056768K
  class space    used 554K, committed 640K, reserved 1048576K
}
Event: 1.253 GC heap before
{Heap before GC invocations=2 (full 0):
 garbage-first heap   total 262144K, used 30472K [0x0000000700c00000, 0x0000000800000000)
  region size 2048K, 14 young (28672K), 1 survivors (2048K)
 Metaspace       used 9110K, committed 9280K, reserved 1064960K
  class space    used 1120K, committed 1216K, reserved 1048576K
}
Event: 1.255 GC heap after
{Heap after GC invocations=3 (full 0):
 garbage-first heap   total 262144K, used 5164K [0x0000000700c00000, 0x0000000800000000)
  region size 2048K, 1 young (2048K), 1 survivors (2048K)
 Metaspace       used 9110K, committed 9280K, reserved 1064960K
  class space    used 1120K, committed 1216K, reserved 1048576K
}
Event: 4.506 GC heap before
{Heap before GC invocations=3 (full 0):
 garbage-first heap   total 262144K, used 156716K [0x0000000700c00000, 0x0000000800000000)
  region size 2048K, 76 young (155648K), 1 survivors (2048K)
 Metaspace       used 21311K, committed 21504K, reserved 1073152K
  class space    used 2416K, committed 2496K, reserved 1048576K
}
Event: 4.518 GC heap after
{Heap after GC invocations=4 (full 0):
 garbage-first heap   total 262144K, used 18216K [0x0000000700c00000, 0x0000000800000000)
  region size 2048K, 8 young (16384K), 8 survivors (16384K)
 Metaspace       used 21311K, committed 21504K, reserved 1073152K
  class space    used 2416K, committed 2496K, reserved 1048576K
}
Event: 4.933 GC heap before
{Heap before GC invocations=5 (full 0):
 garbage-first heap   total 75776K, used 46888K [0x0000000700c00000, 0x0000000800000000)
  region size 2048K, 22 young (45056K), 8 survivors (16384K)
 Metaspace       used 21615K, committed 21888K, reserved 1073152K
  class space    used 2438K, committed 2560K, reserved 1048576K
}
Event: 4.952 GC heap after
{Heap after GC invocations=6 (full 0):
 garbage-first heap   total 75776K, used 25445K [0x0000000700c00000, 0x0000000800000000)
  region size 2048K, 3 young (6144K), 3 survivors (6144K)
 Metaspace       used 21615K, committed 21888K, reserved 1073152K
  class space    used 2438K, committed 2560K, reserved 1048576K
}
Event: 4.971 GC heap before
{Heap before GC invocations=6 (full 0):
 garbage-first heap   total 75776K, used 27493K [0x0000000700c00000, 0x0000000800000000)
  region size 2048K, 4 young (8192K), 3 survivors (6144K)
 Metaspace       used 21687K, committed 21952K, reserved 1073152K
  class space    used 2439K, committed 2560K, reserved 1048576K
}
Event: 4.983 GC heap after
{Heap after GC invocations=7 (full 0):
 garbage-first heap   total 75776K, used 26754K [0x0000000700c00000, 0x0000000800000000)
  region size 2048K, 1 young (2048K), 1 survivors (2048K)
 Metaspace       used 21687K, committed 21952K, reserved 1073152K
  class space    used 2439K, committed 2560K, reserved 1048576K
}
Event: 5.725 GC heap before
{Heap before GC invocations=7 (full 0):
 garbage-first heap   total 75776K, used 49282K [0x0000000700c00000, 0x0000000800000000)
  region size 2048K, 13 young (26624K), 1 survivors (2048K)
 Metaspace       used 22283K, committed 22592K, reserved 1073152K
  class space    used 2503K, committed 2624K, reserved 1048576K
}
Event: 5.731 GC heap after
{Heap after GC invocations=8 (full 0):
 garbage-first heap   total 75776K, used 33450K [0x0000000700c00000, 0x0000000800000000)
  region size 2048K, 2 young (4096K), 2 survivors (4096K)
 Metaspace       used 22283K, committed 22592K, reserved 1073152K
  class space    used 2503K, committed 2624K, reserved 1048576K
}
Event: 5.989 GC heap before
{Heap before GC invocations=8 (full 0):
 garbage-first heap   total 75776K, used 51882K [0x0000000700c00000, 0x0000000800000000)
  region size 2048K, 11 young (22528K), 2 survivors (4096K)
 Metaspace       used 22843K, committed 23104K, reserved 1073152K
  class space    used 2564K, committed 2688K, reserved 1048576K
}
Event: 5.999 GC heap after
{Heap after GC invocations=9 (full 0):
 garbage-first heap   total 75776K, used 38091K [0x0000000700c00000, 0x0000000800000000)
  region size 2048K, 2 young (4096K), 2 survivors (4096K)
 Metaspace       used 22843K, committed 23104K, reserved 1073152K
  class space    used 2564K, committed 2688K, reserved 1048576K
}
Event: 6.320 GC heap before
{Heap before GC invocations=9 (full 0):
 garbage-first heap   total 75776K, used 54475K [0x0000000700c00000, 0x0000000800000000)
  region size 2048K, 10 young (20480K), 2 survivors (4096K)
 Metaspace       used 23410K, committed 23616K, reserved 1073152K
  class space    used 2592K, committed 2688K, reserved 1048576K
}
Event: 6.330 GC heap after
{Heap after GC invocations=10 (full 0):
 garbage-first heap   total 151552K, used 42382K [0x0000000700c00000, 0x0000000800000000)
  region size 2048K, 2 young (4096K), 2 survivors (4096K)
 Metaspace       used 23410K, committed 23616K, reserved 1073152K
  class space    used 2592K, committed 2688K, reserved 1048576K
}
Event: 8.896 GC heap before
{Heap before GC invocations=11 (full 0):
 garbage-first heap   total 151552K, used 97678K [0x0000000700c00000, 0x0000000800000000)
  region size 2048K, 29 young (59392K), 2 survivors (4096K)
 Metaspace       used 26009K, committed 26240K, reserved 1073152K
  class space    used 2840K, committed 2944K, reserved 1048576K
}
Event: 8.904 GC heap after
{Heap after GC invocations=12 (full 0):
 garbage-first heap   total 151552K, used 44614K [0x0000000700c00000, 0x0000000800000000)
  region size 2048K, 3 young (6144K), 3 survivors (6144K)
 Metaspace       used 26009K, committed 26240K, reserved 1073152K
  class space    used 2840K, committed 2944K, reserved 1048576K
}
Event: 10.582 GC heap before
{Heap before GC invocations=12 (full 0):
 garbage-first heap   total 151552K, used 101958K [0x0000000700c00000, 0x0000000800000000)
  region size 2048K, 31 young (63488K), 3 survivors (6144K)
 Metaspace       used 26255K, committed 26560K, reserved 1073152K
  class space    used 2855K, committed 2944K, reserved 1048576K
}
Event: 10.593 GC heap after
{Heap after GC invocations=13 (full 0):
 garbage-first heap   total 151552K, used 46052K [0x0000000700c00000, 0x0000000800000000)
  region size 2048K, 2 young (4096K), 2 survivors (4096K)
 Metaspace       used 26255K, committed 26560K, reserved 1073152K
  class space    used 2855K, committed 2944K, reserved 1048576K
}

