# JRE version: Java(TM) SE Runtime Environment (19.0+36) (build 19+36-2238)
# Java VM: Java HotSpot(TM) 64-Bit Server VM (19+36-2238, mixed mode, sharing, tiered, compressed oops, compressed class ptrs, g1 gc, windows-amd64)
GC Precious Log:
 CardTable entry size: 512
 Card Set container configuration: InlinePtr #cards 4 size 8 Array Of Cards #cards 8 size 32 Howl #buckets 8 coarsen threshold 3686 Howl Bitmap #cards 512 size 80 coarsen threshold 460 Card regions per heap region 1 cards per card region 4096
 CPUs: 4 total, 4 available
 Memory: 16332M
 Large Page Support: Disabled
 NUMA Support: Disabled
 Compressed Oops: Enabled (Zero based)
 Heap Region Size: 2M
 Heap Min Capacity: 8M
 Heap Initial Capacity: 256M
 Heap Max Capacity: 4084M
 Pre-touch: Disabled
 Parallel Workers: 4
 Concurrent Workers: 1
 Concurrent Refinement Workers: 4
 Periodic GC: Disabled
Heap:
 garbage-first heap   total 262144K, used 143316K [0x0000000700c00000, 0x0000000800000000)
  region size 2048K, 4 young (8192K), 4 survivors (8192K)
 Metaspace       used 32200K, committed 32448K, reserved 1114112K
  class space    used 3440K, committed 3584K, reserved 1048576K
GC Heap History (20 events):
Event: 78.438 GC heap after
{Heap after GC invocations=13 (full 0):
 garbage-first heap   total 116736K, used 55756K [0x0000000700c00000, 0x0000000800000000)
  region size 2048K, 3 young (6144K), 3 survivors (6144K)
 Metaspace       used 31867K, committed 32192K, reserved 1114112K
  class space    used 3431K, committed 3584K, reserved 1048576K
}
Event: 78.452 GC heap before
{Heap before GC invocations=13 (full 0):
 garbage-first heap   total 116736K, used 57804K [0x0000000700c00000, 0x0000000800000000)
  region size 2048K, 4 young (8192K), 3 survivors (6144K)
 Metaspace       used 31988K, committed 32256K, reserved 1114112K
  class space    used 3439K, committed 3584K, reserved 1048576K
}
Event: 78.456 GC heap after
{Heap after GC invocations=14 (full 0):
 garbage-first heap   total 116736K, used 56157K [0x0000000700c00000, 0x0000000800000000)
  region size 2048K, 1 young (2048K), 1 survivors (2048K)
 Metaspace       used 31988K, committed 32256K, reserved 1114112K
  class space    used 3439K, committed 3584K, reserved 1048576K
}
Event: 78.580 GC heap before
{Heap before GC invocations=14 (full 0):
 garbage-first heap   total 116736K, used 80733K [0x0000000700c00000, 0x0000000800000000)
  region size 2048K, 13 young (26624K), 1 survivors (2048K)
 Metaspace       used 32054K, committed 32320K, reserved 1114112K
  class space    used 3440K, committed 3584K, reserved 1048576K
}
Event: 78.583 GC heap after
{Heap after GC invocations=15 (full 0):
 garbage-first heap   total 116736K, used 58298K [0x0000000700c00000, 0x0000000800000000)
  region size 2048K, 2 young (4096K), 2 survivors (4096K)
 Metaspace       used 32054K, committed 32320K, reserved 1114112K
  class space    used 3440K, committed 3584K, reserved 1048576K
}
Event: 78.702 GC heap before
{Heap before GC invocations=16 (full 0):
 garbage-first heap   total 116736K, used 82874K [0x0000000700c00000, 0x0000000800000000)
  region size 2048K, 14 young (28672K), 2 survivors (4096K)
 Metaspace       used 32113K, committed 32384K, reserved 1114112K
  class space    used 3440K, committed 3584K, reserved 1048576K
}
Event: 78.704 GC heap after
{Heap after GC invocations=17 (full 0):
 garbage-first heap   total 116736K, used 58225K [0x0000000700c00000, 0x0000000800000000)
  region size 2048K, 1 young (2048K), 1 survivors (2048K)
 Metaspace       used 32113K, committed 32384K, reserved 1114112K
  class space    used 3440K, committed 3584K, reserved 1048576K
}
Event: 78.713 GC heap before
{Heap before GC invocations=17 (full 0):
 garbage-first heap   total 116736K, used 60273K [0x0000000700c00000, 0x0000000800000000)
  region size 2048K, 2 young (4096K), 1 survivors (2048K)
 Metaspace       used 32115K, committed 32384K, reserved 1114112K
  class space    used 3440K, committed 3584K, reserved 1048576K
}
Event: 78.715 GC heap after
{Heap after GC invocations=18 (full 0):
 garbage-first heap   total 116736K, used 56604K [0x0000000700c00000, 0x0000000800000000)
  region size 2048K, 1 young (2048K), 1 survivors (2048K)
 Metaspace       used 32115K, committed 32384K, reserved 1114112K
  class space    used 3440K, committed 3584K, reserved 1048576K
}
Event: 78.790 GC heap before
{Heap before GC invocations=18 (full 0):
 garbage-first heap   total 116736K, used 83228K [0x0000000700c00000, 0x0000000800000000)
  region size 2048K, 14 young (28672K), 1 survivors (2048K)
 Metaspace       used 32130K, committed 32384K, reserved 1114112K
  class space    used 3440K, committed 3584K, reserved 1048576K
}
Event: 78.791 GC heap after
{Heap after GC invocations=19 (full 0):
 garbage-first heap   total 233472K, used 57128K [0x0000000700c00000, 0x0000000800000000)
  region size 2048K, 1 young (2048K), 1 survivors (2048K)
 Metaspace       used 32130K, committed 32384K, reserved 1114112K
  class space    used 3440K, committed 3584K, reserved 1048576K
}
Event: 79.036 GC heap before
{Heap before GC invocations=20 (full 0):
 garbage-first heap   total 233472K, used 155432K [0x0000000700c00000, 0x0000000800000000)
  region size 2048K, 50 young (102400K), 1 survivors (2048K)
 Metaspace       used 32157K, committed 32448K, reserved 1114112K
  class space    used 3440K, committed 3584K, reserved 1048576K
}
Event: 79.045 GC heap after
{Heap after GC invocations=21 (full 0):
 garbage-first heap   total 233472K, used 70350K [0x0000000700c00000, 0x0000000800000000)
  region size 2048K, 7 young (14336K), 7 survivors (14336K)
 Metaspace       used 32157K, committed 32448K, reserved 1114112K
  class space    used 3440K, committed 3584K, reserved 1048576K
}
Event: 79.049 GC heap before
{Heap before GC invocations=21 (full 0):
 garbage-first heap   total 233472K, used 72398K [0x0000000700c00000, 0x0000000800000000)
  region size 2048K, 8 young (16384K), 7 survivors (14336K)
 Metaspace       used 32157K, committed 32448K, reserved 1114112K
  class space    used 3440K, committed 3584K, reserved 1048576K
}
Event: 79.062 GC heap after
{Heap after GC invocations=22 (full 0):
 garbage-first heap   total 233472K, used 70932K [0x0000000700c00000, 0x0000000800000000)
  region size 2048K, 1 young (2048K), 1 survivors (2048K)
 Metaspace       used 32157K, committed 32448K, reserved 1114112K
  class space    used 3440K, committed 3584K, reserved 1048576K
}
Event: 79.177 GC heap before
{Heap before GC invocations=22 (full 0):
 garbage-first heap   total 233472K, used 163092K [0x0000000700c00000, 0x0000000800000000)
  region size 2048K, 47 young (96256K), 1 survivors (2048K)
 Metaspace       used 32185K, committed 32448K, reserved 1114112K
  class space    used 3440K, committed 3584K, reserved 1048576K
}
Event: 79.197 GC heap after
{Heap after GC invocations=23 (full 0):
 garbage-first heap   total 233472K, used 99280K [0x0000000700c00000, 0x0000000800000000)
  region size 2048K, 6 young (12288K), 6 survivors (12288K)
 Metaspace       used 32185K, committed 32448K, reserved 1114112K
  class space    used 3440K, committed 3584K, reserved 1048576K
}
Event: 79.256 GC heap before
{Heap before GC invocations=23 (full 0):
 garbage-first heap   total 233472K, used 160720K [0x0000000700c00000, 0x0000000800000000)
  region size 2048K, 37 young (75776K), 6 survivors (12288K)
 Metaspace       used 32192K, committed 32448K, reserved 1114112K
  class space    used 3440K, committed 3584K, reserved 1048576K
}
Event: 79.274 GC heap after
{Heap after GC invocations=24 (full 0):
 garbage-first heap   total 233472K, used 123566K [0x0000000700c00000, 0x0000000800000000)
  region size 2048K, 5 young (10240K), 5 survivors (10240K)
 Metaspace       used 32192K, committed 32448K, reserved 1114112K
  class space    used 3440K, committed 3584K, reserved 1048576K
}
Event: 79.307 GC heap before
{Heap before GC invocations=24 (full 0):
 garbage-first heap   total 233472K, used 168622K [0x0000000700c00000, 0x0000000800000000)
  region size 2048K, 27 young (55296K), 5 survivors (10240K)
 Metaspace       used 32200K, committed 32448K, reserved 1114112K
  class space    used 3440K, committed 3584K, reserved 1048576K
}

