# JRE version: Java(TM) SE Runtime Environment (19.0+36) (build 19+36-2238)
# Java VM: Java HotSpot(TM) 64-Bit Server VM (19+36-2238, mixed mode, sharing, tiered, compressed oops, compressed class ptrs, g1 gc, windows-amd64)
GC Precious Log:
 CardTable entry size: 512
 Card Set container configuration: InlinePtr #cards 4 size 8 Array Of Cards #cards 8 size 32 Howl #buckets 8 coarsen threshold 3686 Howl Bitmap #cards 512 size 80 coarsen threshold 460 Card regions per heap region 1 cards per card region 4096
 CPUs: 4 total, 4 available
 Memory: 16332M
 Large Page Support: Disabled
 NUMA Support: Disabled
 Compressed Oops: Enabled (Zero based)
 Heap Region Size: 2M
 Heap Min Capacity: 8M
 Heap Initial Capacity: 256M
 Heap Max Capacity: 4084M
 Pre-touch: Disabled
 Parallel Workers: 4
 Concurrent Workers: 1
 Concurrent Refinement Workers: 4
 Periodic GC: Disabled
Heap:
 garbage-first heap   total 700416K, used 230679K [0x0000000700c00000, 0x0000000800000000)
  region size 2048K, 41 young (83968K), 3 survivors (6144K)
 Metaspace       used 31640K, committed 31936K, reserved 1114112K
  class space    used 3430K, committed 3584K, reserved 1048576K
GC Heap History (20 events):
Event: 79.396 GC heap before
{Heap before GC invocations=12 (full 0):
 garbage-first heap   total 110592K, used 58857K [0x0000000700c00000, 0x0000000800000000)
  region size 2048K, 3 young (6144K), 2 survivors (4096K)
 Metaspace       used 31148K, committed 31424K, reserved 1114112K
  class space    used 3401K, committed 3520K, reserved 1048576K
}
Event: 79.402 GC heap after
{Heap after GC invocations=13 (full 0):
 garbage-first heap   total 110592K, used 57347K [0x0000000700c00000, 0x0000000800000000)
  region size 2048K, 1 young (2048K), 1 survivors (2048K)
 Metaspace       used 31148K, committed 31424K, reserved 1114112K
  class space    used 3401K, committed 3520K, reserved 1048576K
}
Event: 79.488 GC heap before
{Heap before GC invocations=13 (full 0):
 garbage-first heap   total 110592K, used 75779K [0x0000000700c00000, 0x0000000800000000)
  region size 2048K, 10 young (20480K), 1 survivors (2048K)
 Metaspace       used 31160K, committed 31424K, reserved 1114112K
  class space    used 3401K, committed 3520K, reserved 1048576K
}
Event: 79.491 GC heap after
{Heap after GC invocations=14 (full 0):
 garbage-first heap   total 110592K, used 58057K [0x0000000700c00000, 0x0000000800000000)
  region size 2048K, 1 young (2048K), 1 survivors (2048K)
 Metaspace       used 31160K, committed 31424K, reserved 1114112K
  class space    used 3401K, committed 3520K, reserved 1048576K
}
Event: 79.592 GC heap before
{Heap before GC invocations=15 (full 0):
 garbage-first heap   total 122880K, used 78537K [0x0000000700c00000, 0x0000000800000000)
  region size 2048K, 11 young (22528K), 1 survivors (2048K)
 Metaspace       used 31218K, committed 31424K, reserved 1114112K
  class space    used 3401K, committed 3520K, reserved 1048576K
}
Event: 79.595 GC heap after
{Heap after GC invocations=16 (full 0):
 garbage-first heap   total 122880K, used 58711K [0x0000000700c00000, 0x0000000800000000)
  region size 2048K, 1 young (2048K), 1 survivors (2048K)
 Metaspace       used 31218K, committed 31424K, reserved 1114112K
  class space    used 3401K, committed 3520K, reserved 1048576K
}
Event: 79.612 GC heap before
{Heap before GC invocations=16 (full 0):
 garbage-first heap   total 122880K, used 62807K [0x0000000700c00000, 0x0000000800000000)
  region size 2048K, 3 young (6144K), 1 survivors (2048K)
 Metaspace       used 31221K, committed 31424K, reserved 1114112K
  class space    used 3401K, committed 3520K, reserved 1048576K
}
Event: 79.615 GC heap after
{Heap after GC invocations=17 (full 0):
 garbage-first heap   total 122880K, used 57704K [0x0000000700c00000, 0x0000000800000000)
  region size 2048K, 1 young (2048K), 1 survivors (2048K)
 Metaspace       used 31221K, committed 31424K, reserved 1114112K
  class space    used 3401K, committed 3520K, reserved 1048576K
}
Event: 79.721 GC heap before
{Heap before GC invocations=17 (full 0):
 garbage-first heap   total 122880K, used 86376K [0x0000000700c00000, 0x0000000800000000)
  region size 2048K, 15 young (30720K), 1 survivors (2048K)
 Metaspace       used 31234K, committed 31488K, reserved 1114112K
  class space    used 3402K, committed 3520K, reserved 1048576K
}
Event: 79.724 GC heap after
{Heap after GC invocations=18 (full 0):
 garbage-first heap   total 311296K, used 58815K [0x0000000700c00000, 0x0000000800000000)
  region size 2048K, 1 young (2048K), 1 survivors (2048K)
 Metaspace       used 31234K, committed 31488K, reserved 1114112K
  class space    used 3402K, committed 3520K, reserved 1048576K
}
Event: 80.213 GC heap before
{Heap before GC invocations=19 (full 0):
 garbage-first heap   total 233472K, used 200127K [0x0000000700c00000, 0x0000000800000000)
  region size 2048K, 71 young (145408K), 1 survivors (2048K)
 Metaspace       used 31285K, committed 31552K, reserved 1114112K
  class space    used 3402K, committed 3520K, reserved 1048576K
}
Event: 80.232 GC heap after
{Heap after GC invocations=20 (full 0):
 garbage-first heap   total 233472K, used 86548K [0x0000000700c00000, 0x0000000800000000)
  region size 2048K, 9 young (18432K), 9 survivors (18432K)
 Metaspace       used 31285K, committed 31552K, reserved 1114112K
  class space    used 3402K, committed 3520K, reserved 1048576K
}
Event: 80.234 GC heap before
{Heap before GC invocations=20 (full 0):
 garbage-first heap   total 233472K, used 88596K [0x0000000700c00000, 0x0000000800000000)
  region size 2048K, 10 young (20480K), 9 survivors (18432K)
 Metaspace       used 31285K, committed 31552K, reserved 1114112K
  class space    used 3402K, committed 3520K, reserved 1048576K
}
Event: 80.245 GC heap after
{Heap after GC invocations=21 (full 0):
 garbage-first heap   total 233472K, used 88900K [0x0000000700c00000, 0x0000000800000000)
  region size 2048K, 1 young (2048K), 1 survivors (2048K)
 Metaspace       used 31285K, committed 31552K, reserved 1114112K
  class space    used 3402K, committed 3520K, reserved 1048576K
}
Event: 80.320 GC heap before
{Heap before GC invocations=21 (full 0):
 garbage-first heap   total 233472K, used 166724K [0x0000000700c00000, 0x0000000800000000)
  region size 2048K, 40 young (81920K), 1 survivors (2048K)
 Metaspace       used 31291K, committed 31552K, reserved 1114112K
  class space    used 3402K, committed 3520K, reserved 1048576K
}
Event: 80.337 GC heap after
{Heap after GC invocations=22 (full 0):
 garbage-first heap   total 233472K, used 120283K [0x0000000700c00000, 0x0000000800000000)
  region size 2048K, 5 young (10240K), 5 survivors (10240K)
 Metaspace       used 31291K, committed 31552K, reserved 1114112K
  class space    used 3402K, committed 3520K, reserved 1048576K
}
Event: 80.393 GC heap before
{Heap before GC invocations=22 (full 0):
 garbage-first heap   total 233472K, used 165339K [0x0000000700c00000, 0x0000000800000000)
  region size 2048K, 28 young (57344K), 5 survivors (10240K)
 Metaspace       used 31297K, committed 31552K, reserved 1114112K
  class space    used 3402K, committed 3520K, reserved 1048576K
}
Event: 80.408 GC heap after
{Heap after GC invocations=23 (full 0):
 garbage-first heap   total 233472K, used 140564K [0x0000000700c00000, 0x0000000800000000)
  region size 2048K, 4 young (8192K), 4 survivors (8192K)
 Metaspace       used 31297K, committed 31552K, reserved 1114112K
  class space    used 3402K, committed 3520K, reserved 1048576K
}
Event: 80.468 GC heap before
{Heap before GC invocations=23 (full 0):
 garbage-first heap   total 233472K, used 173332K [0x0000000700c00000, 0x0000000800000000)
  region size 2048K, 21 young (43008K), 4 survivors (8192K)
 Metaspace       used 31574K, committed 31872K, reserved 1114112K
  class space    used 3429K, committed 3584K, reserved 1048576K
}
Event: 80.485 GC heap after
{Heap after GC invocations=24 (full 0):
 garbage-first heap   total 700416K, used 154903K [0x0000000700c00000, 0x0000000800000000)
  region size 2048K, 3 young (6144K), 3 survivors (6144K)
 Metaspace       used 31574K, committed 31872K, reserved 1114112K
  class space    used 3429K, committed 3584K, reserved 1048576K
}

