# JRE version: Java(TM) SE Runtime Environment (19.0+36) (build 19+36-2238)
# Java VM: Java HotSpot(TM) 64-Bit Server VM (19+36-2238, mixed mode, sharing, tiered, compressed oops, compressed class ptrs, g1 gc, windows-amd64)
GC Precious Log:
 CardTable entry size: 512
 Card Set container configuration: InlinePtr #cards 4 size 8 Array Of Cards #cards 8 size 32 Howl #buckets 8 coarsen threshold 3686 Howl Bitmap #cards 512 size 80 coarsen threshold 460 Card regions per heap region 1 cards per card region 4096
 CPUs: 4 total, 4 available
 Memory: 16332M
 Large Page Support: Disabled
 NUMA Support: Disabled
 Compressed Oops: Enabled (Zero based)
 Heap Region Size: 2M
 Heap Min Capacity: 8M
 Heap Initial Capacity: 256M
 Heap Max Capacity: 4084M
 Pre-touch: Disabled
 Parallel Workers: 4
 Concurrent Workers: 1
 Concurrent Refinement Workers: 4
 Periodic GC: Disabled
Heap:
 garbage-first heap   total 675840K, used 419745K [0x0000000700c00000, 0x0000000800000000)
  region size 2048K, 106 young (217088K), 14 survivors (28672K)
 Metaspace       used 30680K, committed 30912K, reserved 1114112K
  class space    used 3299K, committed 3392K, reserved 1048576K
GC Heap History (20 events):
Event: 77.021 GC heap before
{Heap before GC invocations=13 (full 0):
 garbage-first heap   total 159744K, used 96894K [0x0000000700c00000, 0x0000000800000000)
  region size 2048K, 26 young (53248K), 1 survivors (2048K)
 Metaspace       used 30064K, committed 30336K, reserved 1114112K
  class space    used 3268K, committed 3392K, reserved 1048576K
}
Event: 77.031 GC heap after
{Heap after GC invocations=14 (full 0):
 garbage-first heap   total 159744K, used 57050K [0x0000000700c00000, 0x0000000800000000)
  region size 2048K, 4 young (8192K), 4 survivors (8192K)
 Metaspace       used 30064K, committed 30336K, reserved 1114112K
  class space    used 3268K, committed 3392K, reserved 1048576K
}
Event: 77.037 GC heap before
{Heap before GC invocations=14 (full 0):
 garbage-first heap   total 159744K, used 59098K [0x0000000700c00000, 0x0000000800000000)
  region size 2048K, 5 young (10240K), 4 survivors (8192K)
 Metaspace       used 30064K, committed 30336K, reserved 1114112K
  class space    used 3268K, committed 3392K, reserved 1048576K
}
Event: 77.042 GC heap after
{Heap after GC invocations=15 (full 0):
 garbage-first heap   total 159744K, used 56608K [0x0000000700c00000, 0x0000000800000000)
  region size 2048K, 1 young (2048K), 1 survivors (2048K)
 Metaspace       used 30064K, committed 30336K, reserved 1114112K
  class space    used 3268K, committed 3392K, reserved 1048576K
}
Event: 77.181 GC heap before
{Heap before GC invocations=15 (full 0):
 garbage-first heap   total 159744K, used 97568K [0x0000000700c00000, 0x0000000800000000)
  region size 2048K, 21 young (43008K), 1 survivors (2048K)
 Metaspace       used 30102K, committed 30336K, reserved 1114112K
  class space    used 3268K, committed 3392K, reserved 1048576K
}
Event: 77.183 GC heap after
{Heap after GC invocations=16 (full 0):
 garbage-first heap   total 159744K, used 58802K [0x0000000700c00000, 0x0000000800000000)
  region size 2048K, 2 young (4096K), 2 survivors (4096K)
 Metaspace       used 30102K, committed 30336K, reserved 1114112K
  class space    used 3268K, committed 3392K, reserved 1048576K
}
Event: 77.289 GC heap before
{Heap before GC invocations=16 (full 0):
 garbage-first heap   total 159744K, used 101810K [0x0000000700c00000, 0x0000000800000000)
  region size 2048K, 24 young (49152K), 2 survivors (4096K)
 Metaspace       used 30109K, committed 30336K, reserved 1114112K
  class space    used 3268K, committed 3392K, reserved 1048576K
}
Event: 77.296 GC heap after
{Heap after GC invocations=17 (full 0):
 garbage-first heap   total 159744K, used 66731K [0x0000000700c00000, 0x0000000800000000)
  region size 2048K, 3 young (6144K), 3 survivors (6144K)
 Metaspace       used 30109K, committed 30336K, reserved 1114112K
  class space    used 3268K, committed 3392K, reserved 1048576K
}
Event: 77.410 GC heap before
{Heap before GC invocations=17 (full 0):
 garbage-first heap   total 159744K, used 107691K [0x0000000700c00000, 0x0000000800000000)
  region size 2048K, 24 young (49152K), 3 survivors (6144K)
 Metaspace       used 30129K, committed 30400K, reserved 1114112K
  class space    used 3268K, committed 3392K, reserved 1048576K
}
Event: 77.417 GC heap after
{Heap after GC invocations=18 (full 0):
 garbage-first heap   total 350208K, used 70859K [0x0000000700c00000, 0x0000000800000000)
  region size 2048K, 3 young (6144K), 3 survivors (6144K)
 Metaspace       used 30129K, committed 30400K, reserved 1114112K
  class space    used 3268K, committed 3392K, reserved 1048576K
}
Event: 77.682 GC heap before
{Heap before GC invocations=18 (full 0):
 garbage-first heap   total 350208K, used 203979K [0x0000000700c00000, 0x0000000800000000)
  region size 2048K, 69 young (141312K), 3 survivors (6144K)
 Metaspace       used 30154K, committed 30400K, reserved 1114112K
  class space    used 3268K, committed 3392K, reserved 1048576K
}
Event: 77.707 GC heap after
{Heap after GC invocations=19 (full 0):
 garbage-first heap   total 350208K, used 111865K [0x0000000700c00000, 0x0000000800000000)
  region size 2048K, 9 young (18432K), 9 survivors (18432K)
 Metaspace       used 30154K, committed 30400K, reserved 1114112K
  class space    used 3268K, committed 3392K, reserved 1048576K
}
Event: 77.856 GC heap before
{Heap before GC invocations=19 (full 0):
 garbage-first heap   total 350208K, used 199929K [0x0000000700c00000, 0x0000000800000000)
  region size 2048K, 53 young (108544K), 9 survivors (18432K)
 Metaspace       used 30441K, committed 30656K, reserved 1114112K
  class space    used 3296K, committed 3392K, reserved 1048576K
}
Event: 77.879 GC heap after
{Heap after GC invocations=20 (full 0):
 garbage-first heap   total 350208K, used 146336K [0x0000000700c00000, 0x0000000800000000)
  region size 2048K, 7 young (14336K), 7 survivors (14336K)
 Metaspace       used 30441K, committed 30656K, reserved 1114112K
  class space    used 3296K, committed 3392K, reserved 1048576K
}
Event: 78.127 GC heap before
{Heap before GC invocations=20 (full 0):
 garbage-first heap   total 350208K, used 222112K [0x0000000700c00000, 0x0000000800000000)
  region size 2048K, 45 young (92160K), 7 survivors (14336K)
 Metaspace       used 30507K, committed 30720K, reserved 1114112K
  class space    used 3297K, committed 3392K, reserved 1048576K
}
Event: 78.143 GC heap after
{Heap after GC invocations=21 (full 0):
 garbage-first heap   total 350208K, used 167936K [0x0000000700c00000, 0x0000000800000000)
  region size 2048K, 6 young (12288K), 6 survivors (12288K)
 Metaspace       used 30507K, committed 30720K, reserved 1114112K
  class space    used 3297K, committed 3392K, reserved 1048576K
}
Event: 78.333 GC heap before
{Heap before GC invocations=21 (full 0):
 garbage-first heap   total 350208K, used 239616K [0x0000000700c00000, 0x0000000800000000)
  region size 2048K, 41 young (83968K), 6 survivors (12288K)
 Metaspace       used 30546K, committed 30720K, reserved 1114112K
  class space    used 3297K, committed 3392K, reserved 1048576K
}
Event: 78.348 GC heap after
{Heap after GC invocations=22 (full 0):
 garbage-first heap   total 675840K, used 188416K [0x0000000700c00000, 0x0000000800000000)
  region size 2048K, 6 young (12288K), 6 survivors (12288K)
 Metaspace       used 30546K, committed 30720K, reserved 1114112K
  class space    used 3297K, committed 3392K, reserved 1048576K
}
Event: 78.825 GC heap before
{Heap before GC invocations=22 (full 0):
 garbage-first heap   total 675840K, used 401408K [0x0000000700c00000, 0x0000000800000000)
  region size 2048K, 111 young (227328K), 6 survivors (12288K)
 Metaspace       used 30570K, committed 30848K, reserved 1114112K
  class space    used 3297K, committed 3392K, reserved 1048576K
}
Event: 78.856 GC heap after
{Heap after GC invocations=23 (full 0):
 garbage-first heap   total 675840K, used 235425K [0x0000000700c00000, 0x0000000800000000)
  region size 2048K, 14 young (28672K), 14 survivors (28672K)
 Metaspace       used 30570K, committed 30848K, reserved 1114112K
  class space    used 3297K, committed 3392K, reserved 1048576K
}

